
=== Wed Oct 24 10:17:35 2018

Packages were changed.
Update Mode: updateDependencies

The following packages were added:
  com.unity.collab-proxy@1.2.11
The following packages were updated:
  com.unity.analytics from version 2.0.16 to 3.0.9
  com.unity.package-manager-ui from version 1.9.11 to 2.0.1
  com.unity.render-pipelines.high-definition from version 3.0.0-preview to 3.3.0-preview
  com.unity.render-pipelines.lightweight from version 3.0.0-preview to 3.3.0-preview
  com.unity.textmeshpro from version 1.2.4 to 1.3.0

=== Wed Oct 31 19:03:00 2018

Packages were changed.
Update Mode: updateDependencies

The following packages were updated:
  com.unity.package-manager-ui from version 2.0.1 to 2.0.2

=== Thu Jan 17 11:38:36 2019

Packages were changed.
Update Mode: updateDependencies

The following packages were updated:
  com.unity.ads from version 2.0.8 to 2.3.1
  com.unity.analytics from version 3.0.9 to 3.2.2
  com.unity.collab-proxy from version 1.2.11 to 1.2.15
  com.unity.package-manager-ui from version 2.0.2 to 2.0.3
  com.unity.render-pipelines.high-definition from version 3.3.0-preview to 4.1.0-preview
  com.unity.render-pipelines.lightweight from version 3.3.0-preview to 4.1.0-preview
